#
# A fatal error has been detected by the Java Runtime Environment:
#
#  SIGSEGV (0xb) at pc=0x00007fffd6e5dc22, pid=18298, tid=0x0000000000000307
#
# JRE version: Java(TM) SE Runtime Environment (8.0_111-b14) (build 1.8.0_111-b14)
# Java VM: Java HotSpot(TM) 64-Bit Server VM (25.111-b14 mixed mode bsd-amd64 compressed oops)
# Problematic frame:
# C  [libGPUSupportMercury.dylib+0xac22]  gldAttachDrawable+0x12f
#
# Failed to write core dump. Core dumps have been disabled. To enable core dumping, try "ulimit -c unlimited" before starting Java again
#
# If you would like to submit a bug report, please visit:
#   http://bugreport.java.com/bugreport/crash.jsp
# The crash happened outside the Java Virtual Machine in native code.
# See problematic frame for where to report the bug.
#

---------------  T H R E A D  ---------------

Current thread (0x00007fe1d28c2000):  JavaThread "AppKit Thread" daemon [_thread_in_native, id=775, stack(0x00007fff59348000,0x00007fff59b48000)]

siginfo: si_signo: 11 (SIGSEGV), si_code: 0 (unknown), si_addr: 0x0000000000000000

Registers:
RAX=0x000120e458d00000, RBX=0x0000000000002715, RCX=0x0000000000000c24, RDX=0x00007fe1d2661c20
RSP=0x00007fff59b41960, RBP=0x00007fff59b41a60, RSI=0x0000000000000efb, RDI=0x0000000000021327
R8 =0x0000000000000000, R9 =0x00007fe1d5000000, R10=0x000000000000003c, R11=0x0000000000000206
R12=0x00007fe1d2661c18, R13=0x00007fe1d329d200, R14=0x00007fe1d2661c20, R15=0x0000000000000000
RIP=0x00007fffd6e5dc22, EFLAGS=0x0000000000010206, ERR=0x0000000000000000
  TRAPNO=0x000000000000000d

Top of Stack: (sp=0x00007fff59b41960)
0x00007fff59b41960:   00007fff59b419a0 00007fffdabd9c66
0x00007fff59b41970:   0000000000000000 4036000000000000
0x00007fff59b41980:   4089000000000000 00007fe1d500b2e0
0x00007fff59b41990:   000120e458d00000 00007fe1d297fa0e
0x00007fff59b419a0:   00007fff59b41a01 00000050dac95467
0x00007fff59b419b0:   0000000000000000 4036000000000000
0x00007fff59b419c0:   4089000000000000 4084000000000000
0x00007fff59b419d0:   7ff0000000000000 7ff0000000000000
0x00007fff59b419e0:   0000000000000000 0000000000000000
0x00007fff59b419f0:   00007fe1d2750380 00021327dac8d0fd
0x00007fff59b41a00:   7ff0000000000000 7ff0000000000000
0x00007fff59b41a10:   0000000000000000 0000000000000000
0x00007fff59b41a20:   0000000000000000 00007fffdac5ec45
0x00007fff59b41a30:   78e275412f6e0013 00007fe1d5001400
0x00007fff59b41a40:   0000000000002718 0000000000000000
0x00007fff59b41a50:   0000000000000050 0000000000000000
0x00007fff59b41a60:   00007fff59b41ac0 00007fffce26001b
0x00007fff59b41a70:   4096800000000000 0000000000000000
0x00007fff59b41a80:   00007fe1d500b2e0 0000000000000000
0x00007fff59b41a90:   00007fe1d2661c18 00007fe1d328de88
0x00007fff59b41aa0:   00007fe1d328df50 00007fe1d328df80
0x00007fff59b41ab0:   00007fe1d328c000 78e275412f6e0013
0x00007fff59b41ac0:   00007fff59b41ba0 00007fffce23ebb4
0x00007fff59b41ad0:   405b000000000000 4089000000000000
0x00007fff59b41ae0:   4084b00000000000 0000000000000000
0x00007fff59b41af0:   4036000000000000 4089000000000000
0x00007fff59b41b00:   4084000000000000 0000000000000000
0x00007fff59b41b10:   0000000000000000 0000000000000001
0x00007fff59b41b20:   00007fe1d2661c18 0000000000000001
0x00007fff59b41b30:   00007fff59b41ba0 00007fffce24398e
0x00007fff59b41b40:   0000000159b41b60 00007fe1d328df50
0x00007fff59b41b50:   00007fe1d328de88 0000000200001000 

Instructions: (pc=0x00007fffd6e5dc22)
0x00007fffd6e5dc02:   24 04 81 e1 3f 8c 00 00 48 8b 85 38 ff ff ff 44
0x00007fffd6e5dc12:   8b 80 38 02 00 00 4c 89 f2 48 8b 85 30 ff ff ff
0x00007fffd6e5dc22:   ff 50 08 bb 15 27 00 00 85 c0 0f 85 31 02 00 00
0x00007fffd6e5dc32:   49 8b 4d 60 41 8b 06 eb 10 41 8b 06 bb 15 27 00 

Register to memory mapping:

RAX=0x000120e458d00000 is an unknown value
RBX=0x0000000000002715 is an unknown value
RCX=0x0000000000000c24 is an unknown value
RDX=0x00007fe1d2661c20 is an unknown value
RSP=0x00007fff59b41960 is pointing into the stack for thread: 0x00007fe1d28c2000
RBP=0x00007fff59b41a60 is pointing into the stack for thread: 0x00007fe1d28c2000
RSI=0x0000000000000efb is an unknown value
RDI=0x0000000000021327 is an unknown value
R8 =0x0000000000000000 is an unknown value
R9 =0x00007fe1d5000000 is an unknown value
R10=0x000000000000003c is an unknown value
R11=0x0000000000000206 is an unknown value
R12=0x00007fe1d2661c18 is an unknown value
R13=0x00007fe1d329d200 is an unknown value
R14=0x00007fe1d2661c20 is an unknown value
R15=0x0000000000000000 is an unknown value


Stack: [0x00007fff59348000,0x00007fff59b48000],  sp=0x00007fff59b41960,  free space=8166k
Native frames: (J=compiled Java code, j=interpreted, Vv=VM code, C=native code)
C  [libGPUSupportMercury.dylib+0xac22]  gldAttachDrawable+0x12f
C  [GLEngine+0x1601b]  gliAttachDrawableWithOptions+0x106
C  [OpenGL+0x3bb4]  glcGetIOAccelService+0xe8c
C  [OpenGL+0x7740]  CGLSetPBuffer+0xb45
C  [OpenGL+0x7a5e]  CGLSetSurface+0x125
C  [AppKit+0x335940]  NSOpenGLContextAttachOnScreenViewSurface+0x187
C  [AppKit+0x6ef783]  __27-[NSOpenGLContext setView:]_block_invoke+0xd3
C  [AppKit+0x179ddc]  NSPerformVisuallyAtomicChange+0x93
C  [AppKit+0x3221fc]  -[NSOpenGLContext setView:]+0x69
C  [liblwjgl.dylib+0xa586]  -[MacOSXOpenGLView lockFocus]+0x76
C  [AppKit+0x19cf0b]  -[NSView _recursiveDisplayRectIfNeededIgnoringOpacity:isVisibleRect:rectIsVisibleRectForView:topView:]+0x6ee
C  [AppKit+0x19d761]  -[NSView _recursiveDisplayRectIfNeededIgnoringOpacity:isVisibleRect:rectIsVisibleRectForView:topView:]+0xf44
C  [AppKit+0x19c33f]  -[NSThemeFrame _recursiveDisplayRectIfNeededIgnoringOpacity:isVisibleRect:rectIsVisibleRectForView:topView:]+0x14e
C  [AppKit+0x19a768]  -[NSView _displayRectIgnoringOpacity:isVisibleRect:rectIsVisibleRectForView:]+0x994
C  [AppKit+0x196055]  -[NSView displayIfNeeded]+0x6d4
C  [AppKit+0x195967]  -[NSWindow displayIfNeeded]+0xe6
C  [AppKit+0x8f43f3]  ___NSWindowGetDisplayCycleObserver_block_invoke.6228+0x115
C  [AppKit+0x195445]  __37+[NSDisplayCycle currentDisplayCycle]_block_invoke+0x1c6
C  [QuartzCore+0x11a96]  _ZN2CA11Transaction19run_commit_handlersE18CATransactionPhase+0x2e
C  [QuartzCore+0x119800]  _ZN2CA7Context18commit_transactionEPNS_11TransactionE+0xa0
C  [QuartzCore+0x10631]  _ZN2CA11Transaction6commitEv+0x1db
C  [AppKit+0x478445]  __37+[NSDisplayCycle currentDisplayCycle]_block_invoke.31+0x143
C  [CoreFoundation+0xa7397]  __CFRUNLOOP_IS_CALLING_OUT_TO_AN_OBSERVER_CALLBACK_FUNCTION__+0x17
C  [CoreFoundation+0xa7307]  __CFRunLoopDoObservers+0x187
C  [CoreFoundation+0x87f39]  __CFRunLoopRun+0x369
C  [CoreFoundation+0x87974]  CFRunLoopRunSpecific+0x1a4
C  [HIToolbox+0x30acc]  RunCurrentEventLoopInMode+0xf0
C  [HIToolbox+0x30809]  ReceiveNextEventCommon+0xb8
C  [HIToolbox+0x30736]  _BlockUntilNextEventMatchingListInModeWithFilter+0x47
C  [AppKit+0x46ae4]  _DPSNextEvent+0x460
C  [AppKit+0x7c121f]  -[NSApplication(NSEvent) _nextEventMatchingEventMask:untilDate:inMode:dequeue:]+0xae5
C  [libosxapp.dylib+0x23aa]  -[NSApplicationAWT nextEventMatchingMask:untilDate:inMode:dequeue:]+0x7c
C  [AppKit+0x3b465]  -[NSApplication run]+0x39e
C  [libosxapp.dylib+0x214d]  +[NSApplicationAWT runAWTLoopWithApp:]+0x9c
C  [libawt_lwawt.dylib+0x444b3]  -[AWTStarter starter:]+0x389
C  [Foundation+0x7188a]  __NSThreadPerformPerform+0x146
C  [CoreFoundation+0xa7981]  __CFRUNLOOP_IS_CALLING_OUT_TO_A_SOURCE0_PERFORM_FUNCTION__+0x11
C  [CoreFoundation+0x88a7d]  __CFRunLoopDoSources0+0x22d
C  [CoreFoundation+0x87f76]  __CFRunLoopRun+0x3a6
C  [CoreFoundation+0x87974]  CFRunLoopRunSpecific+0x1a4
C  [java+0x6465]  CreateExecutionEnvironment+0x367
C  [java+0x218c]  JLI_Launch+0x7a0
C  [java+0x84c2]  main+0x65
C  [java+0x19e4]  start+0x34
C  0x0000000000000009


---------------  P R O C E S S  ---------------

Java Threads: ( => current thread )
  0x00007fe1d3a39000 JavaThread "AWT-Shutdown" [_thread_blocked, id=67355, stack(0x000070000e398000,0x000070000e498000)]
=>0x00007fe1d28c2000 JavaThread "AppKit Thread" daemon [_thread_in_native, id=775, stack(0x00007fff59348000,0x00007fff59b48000)]
  0x00007fe1d400e000 JavaThread "Monitor Ctrl-Break" daemon [_thread_in_native, id=19715, stack(0x000070000f248000,0x000070000f348000)]
  0x00007fe1d2800800 JavaThread "Service Thread" daemon [_thread_blocked, id=18691, stack(0x000070000f042000,0x000070000f142000)]
  0x00007fe1d2885000 JavaThread "C1 CompilerThread2" daemon [_thread_blocked, id=18179, stack(0x000070000ef3f000,0x000070000f03f000)]
  0x00007fe1d3041800 JavaThread "C2 CompilerThread1" daemon [_thread_blocked, id=17667, stack(0x000070000ee3c000,0x000070000ef3c000)]
  0x00007fe1d4017000 JavaThread "C2 CompilerThread0" daemon [_thread_blocked, id=17155, stack(0x000070000ed39000,0x000070000ee39000)]
  0x00007fe1d283a000 JavaThread "Signal Dispatcher" daemon [_thread_blocked, id=16643, stack(0x000070000ec36000,0x000070000ed36000)]
  0x00007fe1d380d000 JavaThread "Finalizer" daemon [_thread_blocked, id=12547, stack(0x000070000eb33000,0x000070000ec33000)]
  0x00007fe1d380a800 JavaThread "Reference Handler" daemon [_thread_blocked, id=12035, stack(0x000070000ea30000,0x000070000eb30000)]
  0x00007fe1d3010800 JavaThread "main" [_thread_in_native, id=3587, stack(0x000070000e295000,0x000070000e395000)]

Other Threads:
  0x00007fe1d3806000 VMThread [stack: 0x000070000e92d000,0x000070000ea2d000] [id=11523]
  0x00007fe1d2890000 WatcherThread [stack: 0x000070000f145000,0x000070000f245000] [id=19203]

VM state:not at safepoint (normal execution)

VM Mutex/Monitor currently owned by a thread: None

Heap:
 PSYoungGen      total 38400K, used 13388K [0x0000000795580000, 0x000000079a080000, 0x00000007c0000000)
  eden space 33280K, 36% used [0x0000000795580000,0x00000007961758d0,0x0000000797600000)
  from space 5120K, 22% used [0x0000000797600000,0x000000079771dab8,0x0000000797b00000)
  to   space 5120K, 0% used [0x0000000799b80000,0x0000000799b80000,0x000000079a080000)
 ParOldGen       total 87552K, used 8K [0x0000000740000000, 0x0000000745580000, 0x0000000795580000)
  object space 87552K, 0% used [0x0000000740000000,0x0000000740002000,0x0000000745580000)
 Metaspace       used 9086K, capacity 9239K, committed 9472K, reserved 1058816K
  class space    used 911K, capacity 984K, committed 1024K, reserved 1048576K

Card table byte_map: [0x0000000107e00000,0x0000000108201000] byte_map_base: 0x0000000104400000

Marking Bits: (ParMarkBitMap*) 0x0000000106a24d20
 Begin Bits: [0x00000001187c6000, 0x000000011a7c6000)
 End Bits:   [0x000000011a7c6000, 0x000000011c7c6000)

Polling page: 0x0000000107119000

CodeCache: size=245760Kb used=3860Kb max_used=3866Kb free=241899Kb
 bounds [0x00000001097c6000, 0x0000000109b96000, 0x00000001187c6000]
 total_blobs=1393 nmethods=985 adapters=322
 compilation: enabled

Compilation events (10 events):
Event: 32.290 Thread 0x00007fe1d2885000  980  s    3       org.lwjgl.opengl.EventQueue::putEvent (80 bytes)
Event: 32.291 Thread 0x00007fe1d2885000 nmethod 980 0x0000000109b89a50 code [0x0000000109b89ca0, 0x0000000109b8ad68]
Event: 32.362 Thread 0x00007fe1d2885000  981       3       org.lwjgl.opengl.MacOSXNativeMouse::setCursorPos (55 bytes)
Event: 32.363 Thread 0x00007fe1d2885000 nmethod 981 0x0000000109b8b410 code [0x0000000109b8b5a0, 0x0000000109b8b968]
Event: 32.363 Thread 0x00007fe1d2885000  982       3       org.lwjgl.opengl.MacOSXNativeMouse::addDelta (22 bytes)
Event: 32.363 Thread 0x00007fe1d2885000 nmethod 982 0x0000000109b8ba50 code [0x0000000109b8bbc0, 0x0000000109b8bd30]
Event: 32.474 Thread 0x00007fe1d3041800  983   !   4       org.lwjgl.opengl.Display::isFullscreen (34 bytes)
Event: 32.476 Thread 0x00007fe1d3041800 nmethod 983 0x0000000109b8ec10 code [0x0000000109b8ed60, 0x0000000109b8ef98]
Event: 33.056 Thread 0x00007fe1d4017000  984       4       java.nio.Bits::makeInt (29 bytes)
Event: 33.057 Thread 0x00007fe1d4017000 nmethod 984 0x0000000109b84750 code [0x0000000109b84880, 0x0000000109b848d8]

GC Heap History (2 events):
Event: 0.568 GC heap before
{Heap before GC invocations=1 (full 0):
 PSYoungGen      total 38400K, used 33280K [0x0000000795580000, 0x0000000798000000, 0x00000007c0000000)
  eden space 33280K, 100% used [0x0000000795580000,0x0000000797600000,0x0000000797600000)
  from space 5120K, 0% used [0x0000000797b00000,0x0000000797b00000,0x0000000798000000)
  to   space 5120K, 0% used [0x0000000797600000,0x0000000797600000,0x0000000797b00000)
 ParOldGen       total 87552K, used 0K [0x0000000740000000, 0x0000000745580000, 0x0000000795580000)
  object space 87552K, 0% used [0x0000000740000000,0x0000000740000000,0x0000000745580000)
 Metaspace       used 5486K, capacity 5652K, committed 5888K, reserved 1056768K
  class space    used 613K, capacity 696K, committed 768K, reserved 1048576K
Event: 0.577 GC heap after
Heap after GC invocations=1 (full 0):
 PSYoungGen      total 38400K, used 1142K [0x0000000795580000, 0x000000079a080000, 0x00000007c0000000)
  eden space 33280K, 0% used [0x0000000795580000,0x0000000795580000,0x0000000797600000)
  from space 5120K, 22% used [0x0000000797600000,0x000000079771dab8,0x0000000797b00000)
  to   space 5120K, 0% used [0x0000000799b80000,0x0000000799b80000,0x000000079a080000)
 ParOldGen       total 87552K, used 8K [0x0000000740000000, 0x0000000745580000, 0x0000000795580000)
  object space 87552K, 0% used [0x0000000740000000,0x0000000740002000,0x0000000745580000)
 Metaspace       used 5486K, capacity 5652K, committed 5888K, reserved 1056768K
  class space    used 613K, capacity 696K, committed 768K, reserved 1048576K
}

Deoptimization events (5 events):
Event: 0.588 Thread 0x00007fe1d3010800 Uncommon trap: reason=unstable_if action=reinterpret pc=0x000000010997199c method=java.lang.String.replace(CC)Ljava/lang/String; @ 26
Event: 1.395 Thread 0x00007fe1d3010800 Uncommon trap: reason=class_check action=maybe_recompile pc=0x0000000109a5d6cc method=org.newdawn.slick.Image.init()V @ 83
Event: 1.396 Thread 0x00007fe1d3010800 Uncommon trap: reason=class_check action=maybe_recompile pc=0x0000000109a5d6cc method=org.newdawn.slick.Image.init()V @ 83
Event: 1.396 Thread 0x00007fe1d3010800 Uncommon trap: reason=class_check action=maybe_recompile pc=0x0000000109a5d6cc method=org.newdawn.slick.Image.init()V @ 83
Event: 1.397 Thread 0x00007fe1d3010800 Uncommon trap: reason=class_check action=maybe_recompile pc=0x0000000109a5d6cc method=org.newdawn.slick.Image.init()V @ 83

Internal exceptions (10 events):
Event: 0.038 Thread 0x00007fe1d3010800 Exception <a 'java/lang/NoSuchMethodError': Method sun.misc.Unsafe.prefetchRead(Ljava/lang/Object;J)V name or signature does not match> (0x0000000795587f60) thrown at [/Users/java_re/workspace/8-2-build-macosx-x86_64/jdk8u111/7883/hotspot/src/share/vm/pri
Event: 0.260 Thread 0x00007fe1d3010800 Exception <a 'java/security/PrivilegedActionException'> (0x0000000797429f58) thrown at [/Users/java_re/workspace/8-2-build-macosx-x86_64/jdk8u111/7883/hotspot/src/share/vm/prims/jvm.cpp, line 1386]
Event: 0.260 Thread 0x00007fe1d3010800 Exception <a 'java/security/PrivilegedActionException'> (0x000000079742a350) thrown at [/Users/java_re/workspace/8-2-build-macosx-x86_64/jdk8u111/7883/hotspot/src/share/vm/prims/jvm.cpp, line 1386]
Event: 0.261 Thread 0x00007fe1d3010800 Exception <a 'java/security/PrivilegedActionException'> (0x000000079742d840) thrown at [/Users/java_re/workspace/8-2-build-macosx-x86_64/jdk8u111/7883/hotspot/src/share/vm/prims/jvm.cpp, line 1386]
Event: 0.261 Thread 0x00007fe1d3010800 Exception <a 'java/security/PrivilegedActionException'> (0x000000079742dc38) thrown at [/Users/java_re/workspace/8-2-build-macosx-x86_64/jdk8u111/7883/hotspot/src/share/vm/prims/jvm.cpp, line 1386]
Event: 0.327 Thread 0x00007fe1d3010800 Exception <a 'java/lang/NoSuchFieldError': method resolution failed> (0x00000007974faa00) thrown at [/Users/java_re/workspace/8-2-build-macosx-x86_64/jdk8u111/7883/hotspot/src/share/vm/prims/methodHandles.cpp, line 1146]
Event: 0.329 Thread 0x00007fe1d3010800 Exception <a 'java/lang/NoSuchFieldError': method resolution failed> (0x0000000797508150) thrown at [/Users/java_re/workspace/8-2-build-macosx-x86_64/jdk8u111/7883/hotspot/src/share/vm/prims/methodHandles.cpp, line 1146]
Event: 0.548 Thread 0x00007fe1d3010800 Exception <a 'java/io/FileNotFoundException'> (0x0000000797582e30) thrown at [/Users/java_re/workspace/8-2-build-macosx-x86_64/jdk8u111/7883/hotspot/src/share/vm/prims/jni.cpp, line 709]
Event: 0.549 Thread 0x00007fe1d3010800 Exception <a 'java/io/FileNotFoundException'> (0x00000007975839d8) thrown at [/Users/java_re/workspace/8-2-build-macosx-x86_64/jdk8u111/7883/hotspot/src/share/vm/prims/jni.cpp, line 709]
Event: 1.101 Thread 0x00007fe1d3010800 Exception <a 'java/lang/NoClassDefFoundError': net/java/games/input/ControllerEnvironment> (0x0000000795a7a2f8) thrown at [/Users/java_re/workspace/8-2-build-macosx-x86_64/jdk8u111/7883/hotspot/src/share/vm/classfile/systemDictionary.cpp, line 199]

Events (10 events):
Event: 23.969 Executing VM operation: RevokeBias
Event: 23.969 Executing VM operation: RevokeBias done
Event: 23.969 Thread 0x00007fe1d3a39000 Thread exited: 0x00007fe1d3a39000
Event: 26.878 Thread 0x00007fe1d3a39000 Thread added: 0x00007fe1d3a39000
Event: 30.607 Executing VM operation: RevokeBias
Event: 30.607 Executing VM operation: RevokeBias done
Event: 30.607 Thread 0x00007fe1d3a39000 Thread exited: 0x00007fe1d3a39000
Event: 30.673 Thread 0x00007fe1d3a39000 Thread added: 0x00007fe1d3a39000
Event: 34.291 loading class org/lwjgl/opengl/CallbackUtil
Event: 34.291 loading class org/lwjgl/opengl/CallbackUtil done


Dynamic libraries:
0x0000000053e98000 	/System/Library/Frameworks/Cocoa.framework/Versions/A/Cocoa
0x0000000053e98000 	/System/Library/Frameworks/Security.framework/Versions/A/Security
0x0000000053e98000 	/System/Library/Frameworks/ApplicationServices.framework/Versions/A/ApplicationServices
0x0000000053e98000 	/usr/lib/libz.1.dylib
0x0000000053e98000 	/usr/lib/libSystem.B.dylib
0x0000000053e98000 	/usr/lib/libobjc.A.dylib
0x0000000053e98000 	/System/Library/Frameworks/CoreFoundation.framework/Versions/A/CoreFoundation
0x0000000053e98000 	/System/Library/Frameworks/Foundation.framework/Versions/C/Foundation
0x0000000053e98000 	/System/Library/Frameworks/AppKit.framework/Versions/C/AppKit
0x0000000053e98000 	/System/Library/Frameworks/CoreData.framework/Versions/A/CoreData
0x0000000053e98000 	/System/Library/PrivateFrameworks/RemoteViewServices.framework/Versions/A/RemoteViewServices
0x0000000053e98000 	/System/Library/PrivateFrameworks/UIFoundation.framework/Versions/A/UIFoundation
0x0000000053e98000 	/System/Library/PrivateFrameworks/DFRFoundation.framework/Versions/A/DFRFoundation
0x0000000053e98000 	/usr/lib/libenergytrace.dylib
0x0000000053e98000 	/System/Library/PrivateFrameworks/SkyLight.framework/Versions/A/SkyLight
0x0000000053e98000 	/System/Library/Frameworks/CoreGraphics.framework/Versions/A/CoreGraphics
0x0000000053e98000 	/usr/lib/libScreenReader.dylib
0x0000000053e98000 	/System/Library/Frameworks/Accelerate.framework/Versions/A/Accelerate
0x0000000053e98000 	/System/Library/Frameworks/IOSurface.framework/Versions/A/IOSurface
0x0000000053e98000 	/System/Library/Frameworks/AudioToolbox.framework/Versions/A/AudioToolbox
0x0000000053e98000 	/System/Library/Frameworks/AudioUnit.framework/Versions/A/AudioUnit
0x0000000053e98000 	/System/Library/PrivateFrameworks/DataDetectorsCore.framework/Versions/A/DataDetectorsCore
0x0000000053e98000 	/System/Library/PrivateFrameworks/DesktopServicesPriv.framework/Versions/A/DesktopServicesPriv
0x0000000053e98000 	/System/Library/Frameworks/Carbon.framework/Versions/A/Frameworks/HIToolbox.framework/Versions/A/HIToolbox
0x0000000053e98000 	/usr/lib/libicucore.A.dylib
0x0000000053e98000 	/System/Library/Frameworks/QuartzCore.framework/Versions/A/QuartzCore
0x0000000053e98000 	/System/Library/Frameworks/Carbon.framework/Versions/A/Frameworks/SpeechRecognition.framework/Versions/A/SpeechRecognition
0x0000000053e98000 	/usr/lib/libauto.dylib
0x0000000053e98000 	/usr/lib/libxml2.2.dylib
0x0000000053e98000 	/System/Library/PrivateFrameworks/CoreUI.framework/Versions/A/CoreUI
0x0000000053e98000 	/System/Library/Frameworks/CoreAudio.framework/Versions/A/CoreAudio
0x0000000053e98000 	/System/Library/Frameworks/DiskArbitration.framework/Versions/A/DiskArbitration
0x0000000053e98000 	/usr/lib/liblangid.dylib
0x0000000053e98000 	/System/Library/PrivateFrameworks/MultitouchSupport.framework/Versions/A/MultitouchSupport
0x0000000053e98000 	/System/Library/Frameworks/IOKit.framework/Versions/A/IOKit
0x0000000053e98000 	/usr/lib/libDiagnosticMessagesClient.dylib
0x0000000053e98000 	/System/Library/Frameworks/CoreServices.framework/Versions/A/CoreServices
0x0000000053e98000 	/System/Library/PrivateFrameworks/PerformanceAnalysis.framework/Versions/A/PerformanceAnalysis
0x0000000053e98000 	/System/Library/PrivateFrameworks/GenerationalStorage.framework/Versions/A/GenerationalStorage
0x0000000053e98000 	/System/Library/Frameworks/OpenGL.framework/Versions/A/OpenGL
0x0000000053e98000 	/System/Library/Frameworks/CoreImage.framework/Versions/A/CoreImage
0x0000000053e98000 	/System/Library/Frameworks/CoreText.framework/Versions/A/CoreText
0x0000000053e98000 	/System/Library/Frameworks/ImageIO.framework/Versions/A/ImageIO
0x0000000053e98000 	/System/Library/PrivateFrameworks/Backup.framework/Versions/A/Backup
0x0000000053e98000 	/usr/lib/libarchive.2.dylib
0x0000000053e98000 	/System/Library/Frameworks/CFNetwork.framework/Versions/A/CFNetwork
0x0000000053e98000 	/System/Library/Frameworks/SystemConfiguration.framework/Versions/A/SystemConfiguration
0x0000000053e98000 	/usr/lib/libCRFSuite.dylib
0x0000000053e98000 	/usr/lib/libc++.1.dylib
0x0000000053e98000 	/usr/lib/libc++abi.dylib
0x0000000053e98000 	/usr/lib/system/libcache.dylib
0x0000000053e98000 	/usr/lib/system/libcommonCrypto.dylib
0x0000000053e98000 	/usr/lib/system/libcompiler_rt.dylib
0x0000000053e98000 	/usr/lib/system/libcopyfile.dylib
0x0000000053e98000 	/usr/lib/system/libcorecrypto.dylib
0x0000000053e98000 	/usr/lib/system/libdispatch.dylib
0x0000000053e98000 	/usr/lib/system/libdyld.dylib
0x0000000053e98000 	/usr/lib/system/libkeymgr.dylib
0x0000000053e98000 	/usr/lib/system/liblaunch.dylib
0x0000000053e98000 	/usr/lib/system/libmacho.dylib
0x0000000053e98000 	/usr/lib/system/libquarantine.dylib
0x0000000053e98000 	/usr/lib/system/libremovefile.dylib
0x0000000053e98000 	/usr/lib/system/libsystem_asl.dylib
0x0000000053e98000 	/usr/lib/system/libsystem_blocks.dylib
0x0000000053e98000 	/usr/lib/system/libsystem_c.dylib
0x0000000053e98000 	/usr/lib/system/libsystem_configuration.dylib
0x0000000053e98000 	/usr/lib/system/libsystem_coreservices.dylib
0x0000000053e98000 	/usr/lib/system/libsystem_coretls.dylib
0x0000000053e98000 	/usr/lib/system/libsystem_dnssd.dylib
0x0000000053e98000 	/usr/lib/system/libsystem_info.dylib
0x0000000053e98000 	/usr/lib/system/libsystem_kernel.dylib
0x0000000053e98000 	/usr/lib/system/libsystem_m.dylib
0x0000000053e98000 	/usr/lib/system/libsystem_malloc.dylib
0x0000000053e98000 	/usr/lib/system/libsystem_network.dylib
0x0000000053e98000 	/usr/lib/system/libsystem_networkextension.dylib
0x0000000053e98000 	/usr/lib/system/libsystem_notify.dylib
0x0000000053e98000 	/usr/lib/system/libsystem_platform.dylib
0x0000000053e98000 	/usr/lib/system/libsystem_pthread.dylib
0x0000000053e98000 	/usr/lib/system/libsystem_sandbox.dylib
0x0000000053e98000 	/usr/lib/system/libsystem_secinit.dylib
0x0000000053e98000 	/usr/lib/system/libsystem_symptoms.dylib
0x0000000053e98000 	/usr/lib/system/libsystem_trace.dylib
0x0000000053e98000 	/usr/lib/system/libunwind.dylib
0x0000000053e98000 	/usr/lib/system/libxpc.dylib
0x0000000053e98000 	/usr/lib/libbsm.0.dylib
0x0000000053e98000 	/usr/lib/system/libkxld.dylib
0x0000000053e98000 	/usr/lib/libcoretls.dylib
0x0000000053e98000 	/usr/lib/libcoretls_cfhelpers.dylib
0x0000000053e98000 	/usr/lib/libxar.1.dylib
0x0000000053e98000 	/usr/lib/libsqlite3.dylib
0x0000000053e98000 	/usr/lib/libpam.2.dylib
0x0000000053e98000 	/usr/lib/libOpenScriptingUtil.dylib
0x0000000053e98000 	/usr/lib/libbz2.1.0.dylib
0x0000000053e98000 	/usr/lib/liblzma.5.dylib
0x0000000053e98000 	/usr/lib/libnetwork.dylib
0x0000000053e98000 	/usr/lib/libpcap.A.dylib
0x0000000053e98000 	/System/Library/Frameworks/CoreServices.framework/Versions/A/Frameworks/FSEvents.framework/Versions/A/FSEvents
0x0000000053e98000 	/System/Library/Frameworks/CoreServices.framework/Versions/A/Frameworks/CarbonCore.framework/Versions/A/CarbonCore
0x0000000053e98000 	/System/Library/Frameworks/CoreServices.framework/Versions/A/Frameworks/Metadata.framework/Versions/A/Metadata
0x0000000053e98000 	/System/Library/Frameworks/CoreServices.framework/Versions/A/Frameworks/OSServices.framework/Versions/A/OSServices
0x0000000053e98000 	/System/Library/Frameworks/CoreServices.framework/Versions/A/Frameworks/SearchKit.framework/Versions/A/SearchKit
0x0000000053e98000 	/System/Library/Frameworks/CoreServices.framework/Versions/A/Frameworks/AE.framework/Versions/A/AE
0x0000000053e98000 	/System/Library/Frameworks/CoreServices.framework/Versions/A/Frameworks/LaunchServices.framework/Versions/A/LaunchServices
0x0000000053e98000 	/System/Library/Frameworks/CoreServices.framework/Versions/A/Frameworks/DictionaryServices.framework/Versions/A/DictionaryServices
0x0000000053e98000 	/System/Library/Frameworks/CoreServices.framework/Versions/A/Frameworks/SharedFileList.framework/Versions/A/SharedFileList
0x0000000053e98000 	/System/Library/Frameworks/NetFS.framework/Versions/A/NetFS
0x0000000053e98000 	/System/Library/PrivateFrameworks/NetAuth.framework/Versions/A/NetAuth
0x0000000053e98000 	/System/Library/PrivateFrameworks/login.framework/Versions/A/Frameworks/loginsupport.framework/Versions/A/loginsupport
0x0000000053e98000 	/System/Library/PrivateFrameworks/TCC.framework/Versions/A/TCC
0x0000000053e98000 	/usr/lib/libmecabra.dylib
0x0000000053e98000 	/System/Library/Frameworks/ApplicationServices.framework/Versions/A/Frameworks/ATS.framework/Versions/A/ATS
0x0000000053e98000 	/System/Library/Frameworks/ApplicationServices.framework/Versions/A/Frameworks/ColorSync.framework/Versions/A/ColorSync
0x0000000053e98000 	/System/Library/Frameworks/ApplicationServices.framework/Versions/A/Frameworks/HIServices.framework/Versions/A/HIServices
0x0000000053e98000 	/System/Library/Frameworks/ApplicationServices.framework/Versions/A/Frameworks/LangAnalysis.framework/Versions/A/LangAnalysis
0x0000000053e98000 	/System/Library/Frameworks/ApplicationServices.framework/Versions/A/Frameworks/PrintCore.framework/Versions/A/PrintCore
0x0000000053e98000 	/System/Library/Frameworks/ApplicationServices.framework/Versions/A/Frameworks/QD.framework/Versions/A/QD
0x0000000053e98000 	/System/Library/Frameworks/ApplicationServices.framework/Versions/A/Frameworks/SpeechSynthesis.framework/Versions/A/SpeechSynthesis
0x0000000053e98000 	/System/Library/Frameworks/Accelerate.framework/Versions/A/Frameworks/vImage.framework/Versions/A/vImage
0x0000000053e98000 	/System/Library/Frameworks/Accelerate.framework/Versions/A/Frameworks/vecLib.framework/Versions/A/vecLib
0x0000000053e98000 	/System/Library/Frameworks/Accelerate.framework/Versions/A/Frameworks/vecLib.framework/Versions/A/libvDSP.dylib
0x0000000053e98000 	/System/Library/Frameworks/Accelerate.framework/Versions/A/Frameworks/vecLib.framework/Versions/A/libBNNS.dylib
0x0000000053e98000 	/System/Library/Frameworks/Accelerate.framework/Versions/A/Frameworks/vecLib.framework/Versions/A/libQuadrature.dylib
0x0000000053e98000 	/System/Library/Frameworks/Accelerate.framework/Versions/A/Frameworks/vecLib.framework/Versions/A/libvMisc.dylib
0x0000000053e98000 	/System/Library/Frameworks/Accelerate.framework/Versions/A/Frameworks/vecLib.framework/Versions/A/libLAPACK.dylib
0x0000000053e98000 	/System/Library/Frameworks/Accelerate.framework/Versions/A/Frameworks/vecLib.framework/Versions/A/libBLAS.dylib
0x0000000053e98000 	/System/Library/Frameworks/Accelerate.framework/Versions/A/Frameworks/vecLib.framework/Versions/A/libLinearAlgebra.dylib
0x0000000053e98000 	/System/Library/Frameworks/Accelerate.framework/Versions/A/Frameworks/vecLib.framework/Versions/A/libSparseBLAS.dylib
0x0000000053e98000 	/System/Library/Frameworks/ApplicationServices.framework/Versions/A/Frameworks/ATS.framework/Versions/A/Resources/libFontParser.dylib
0x0000000053e98000 	/System/Library/Frameworks/ApplicationServices.framework/Versions/A/Frameworks/ATS.framework/Versions/A/Resources/libFontRegistry.dylib
0x0000000053e98000 	/System/Library/Frameworks/ImageIO.framework/Versions/A/Resources/libJPEG.dylib
0x0000000053e98000 	/System/Library/Frameworks/ImageIO.framework/Versions/A/Resources/libTIFF.dylib
0x0000000053e98000 	/System/Library/Frameworks/ImageIO.framework/Versions/A/Resources/libPng.dylib
0x0000000053e98000 	/System/Library/Frameworks/ImageIO.framework/Versions/A/Resources/libGIF.dylib
0x0000000053e98000 	/System/Library/Frameworks/ImageIO.framework/Versions/A/Resources/libJP2.dylib
0x0000000053e98000 	/System/Library/Frameworks/ImageIO.framework/Versions/A/Resources/libRadiance.dylib
0x0000000053e98000 	/usr/lib/libcompression.dylib
0x0000000053e98000 	/System/Library/PrivateFrameworks/AppleJPEG.framework/Versions/A/AppleJPEG
0x0000000053e98000 	/usr/lib/libcups.2.dylib
0x0000000053e98000 	/System/Library/Frameworks/Kerberos.framework/Versions/A/Kerberos
0x0000000053e98000 	/System/Library/Frameworks/GSS.framework/Versions/A/GSS
0x0000000053e98000 	/usr/lib/libresolv.9.dylib
0x0000000053e98000 	/usr/lib/libiconv.2.dylib
0x0000000053e98000 	/System/Library/PrivateFrameworks/Heimdal.framework/Versions/A/Heimdal
0x0000000053e98000 	/usr/lib/libheimdal-asn1.dylib
0x0000000053e98000 	/System/Library/Frameworks/OpenDirectory.framework/Versions/A/OpenDirectory
0x0000000053e98000 	/System/Library/PrivateFrameworks/CommonAuth.framework/Versions/A/CommonAuth
0x0000000053e98000 	/System/Library/Frameworks/OpenDirectory.framework/Versions/A/Frameworks/CFOpenDirectory.framework/Versions/A/CFOpenDirectory
0x0000000053e98000 	/System/Library/Frameworks/SecurityFoundation.framework/Versions/A/SecurityFoundation
0x0000000053e98000 	/System/Library/PrivateFrameworks/LanguageModeling.framework/Versions/A/LanguageModeling
0x0000000053e98000 	/usr/lib/libmarisa.dylib
0x0000000053e98000 	/usr/lib/libChineseTokenizer.dylib
0x0000000053e98000 	/usr/lib/libcmph.dylib
0x0000000053e98000 	/System/Library/PrivateFrameworks/CoreEmoji.framework/Versions/A/CoreEmoji
0x0000000053e98000 	/System/Library/Frameworks/ServiceManagement.framework/Versions/A/ServiceManagement
0x0000000053e98000 	/usr/lib/libxslt.1.dylib
0x0000000053e98000 	/System/Library/Frameworks/Carbon.framework/Versions/A/Frameworks/Ink.framework/Versions/A/Ink
0x0000000053e98000 	/System/Library/PrivateFrameworks/TextureIO.framework/Versions/A/TextureIO
0x0000000053e98000 	/System/Library/Frameworks/Metal.framework/Versions/A/Metal
0x0000000053e98000 	/usr/lib/libate.dylib
0x0000000053e98000 	/System/Library/PrivateFrameworks/GPUCompiler.framework/libmetal_timestamp.dylib
0x0000000053e98000 	/System/Library/Frameworks/OpenGL.framework/Versions/A/Libraries/libCoreFSCache.dylib
0x0000000053e98000 	/System/Library/PrivateFrameworks/IOAccelerator.framework/Versions/A/IOAccelerator
0x0000000053e98000 	/System/Library/Frameworks/CoreVideo.framework/Versions/A/CoreVideo
0x0000000053e98000 	/usr/lib/libFosl_dynamic.dylib
0x0000000053e98000 	/System/Library/PrivateFrameworks/MetalPerformanceShaders.framework/Versions/A/MetalPerformanceShaders
0x0000000053e98000 	/System/Library/PrivateFrameworks/FaceCore.framework/Versions/A/FaceCore
0x0000000053e98000 	/System/Library/Frameworks/OpenCL.framework/Versions/A/OpenCL
0x0000000053e98000 	/System/Library/Frameworks/OpenGL.framework/Versions/A/Libraries/libGLU.dylib
0x0000000053e98000 	/System/Library/Frameworks/OpenGL.framework/Versions/A/Libraries/libGFXShared.dylib
0x0000000053e98000 	/System/Library/Frameworks/OpenGL.framework/Versions/A/Libraries/libGL.dylib
0x0000000053e98000 	/System/Library/Frameworks/OpenGL.framework/Versions/A/Libraries/libGLImage.dylib
0x0000000053e98000 	/System/Library/Frameworks/OpenGL.framework/Versions/A/Libraries/libCVMSPluginSupport.dylib
0x0000000053e98000 	/System/Library/Frameworks/OpenGL.framework/Versions/A/Libraries/libCoreVMClient.dylib
0x0000000053e98000 	/System/Library/PrivateFrameworks/CrashReporterSupport.framework/Versions/A/CrashReporterSupport
0x0000000053e98000 	/System/Library/PrivateFrameworks/Sharing.framework/Versions/A/Sharing
0x0000000053e98000 	/System/Library/PrivateFrameworks/IconServices.framework/Versions/A/IconServices
0x0000000053e98000 	/System/Library/PrivateFrameworks/ProtocolBuffer.framework/Versions/A/ProtocolBuffer
0x0000000053e98000 	/System/Library/PrivateFrameworks/Apple80211.framework/Versions/A/Apple80211
0x0000000053e98000 	/System/Library/Frameworks/CoreWLAN.framework/Versions/A/CoreWLAN
0x0000000053e98000 	/System/Library/PrivateFrameworks/CoreUtils.framework/Versions/A/CoreUtils
0x0000000053e98000 	/System/Library/Frameworks/IOBluetooth.framework/Versions/A/IOBluetooth
0x0000000053e98000 	/System/Library/PrivateFrameworks/CoreWiFi.framework/Versions/A/CoreWiFi
0x0000000053e98000 	/System/Library/Frameworks/CoreBluetooth.framework/Versions/A/CoreBluetooth
0x0000000053e98000 	/System/Library/Frameworks/CoreDisplay.framework/Versions/A/CoreDisplay
0x0000000053e98000 	/System/Library/PrivateFrameworks/IOPresentment.framework/Versions/A/IOPresentment
0x0000000053e98000 	/System/Library/PrivateFrameworks/DebugSymbols.framework/Versions/A/DebugSymbols
0x0000000053e98000 	/System/Library/PrivateFrameworks/CoreSymbolication.framework/Versions/A/CoreSymbolication
0x0000000053e98000 	/System/Library/PrivateFrameworks/Symbolication.framework/Versions/A/Symbolication
0x0000000053e98000 	/System/Library/PrivateFrameworks/AppleFSCompression.framework/Versions/A/AppleFSCompression
0x0000000053e98000 	/System/Library/PrivateFrameworks/SpeechRecognitionCore.framework/Versions/A/SpeechRecognitionCore
0x0000000053e98000 	/System/Library/PrivateFrameworks/ChunkingLibrary.framework/Versions/A/ChunkingLibrary
0x0000000106135000 	/Library/Java/JavaVirtualMachines/jdk1.8.0_111.jdk/Contents/Home/jre/lib/server/libjvm.dylib
0x0000000053e98000 	/usr/lib/libstdc++.6.dylib
0x00000001070d6000 	/Library/Java/JavaVirtualMachines/jdk1.8.0_111.jdk/Contents/Home/jre/lib/libverify.dylib
0x00000001070e4000 	/Library/Java/JavaVirtualMachines/jdk1.8.0_111.jdk/Contents/Home/jre/lib/libjava.dylib
0x0000000107123000 	/Library/Java/JavaVirtualMachines/jdk1.8.0_111.jdk/Contents/Home/jre/lib/libzip.dylib
0x000000011d346000 	/System/Library/Frameworks/JavaVM.framework/Frameworks/JavaRuntimeSupport.framework/JavaRuntimeSupport
0x00000001075e9000 	/System/Library/Frameworks/JavaVM.framework/Versions/A/Frameworks/JavaNativeFoundation.framework/Versions/A/JavaNativeFoundation
0x0000000109727000 	/System/Library/Frameworks/JavaVM.framework/Versions/A/JavaVM
0x0000000053e98000 	/System/Library/Frameworks/Carbon.framework/Versions/A/Carbon
0x000000011d360000 	/System/Library/PrivateFrameworks/JavaLaunching.framework/Versions/A/JavaLaunching
0x0000000053e98000 	/System/Library/Frameworks/Carbon.framework/Versions/A/Frameworks/CommonPanels.framework/Versions/A/CommonPanels
0x0000000053e98000 	/System/Library/Frameworks/Carbon.framework/Versions/A/Frameworks/Help.framework/Versions/A/Help
0x0000000053e98000 	/System/Library/Frameworks/Carbon.framework/Versions/A/Frameworks/ImageCapture.framework/Versions/A/ImageCapture
0x0000000053e98000 	/System/Library/Frameworks/Carbon.framework/Versions/A/Frameworks/OpenScripting.framework/Versions/A/OpenScripting
0x0000000053e98000 	/System/Library/Frameworks/Carbon.framework/Versions/A/Frameworks/Print.framework/Versions/A/Print
0x0000000053e98000 	/System/Library/Frameworks/Carbon.framework/Versions/A/Frameworks/SecurityHI.framework/Versions/A/SecurityHI
0x000000011eda0000 	/Applications/IntelliJ IDEA.app/Contents/bin/libbreakgen64.jnilib
0x000000011eda3000 	/Library/Java/JavaVirtualMachines/jdk1.8.0_111.jdk/Contents/Home/jre/lib/libnet.dylib
0x000000011ee02000 	/Library/Java/JavaVirtualMachines/jdk1.8.0_111.jdk/Contents/Home/jre/lib/libawt.dylib
0x000000011eeaa000 	/Library/Java/JavaVirtualMachines/jdk1.8.0_111.jdk/Contents/Home/jre/lib/./libmlib_image.dylib
0x000000011ef76000 	/Library/Java/JavaVirtualMachines/jdk1.8.0_111.jdk/Contents/Home/jre/lib/libawt_lwawt.dylib
0x000000011f02b000 	/Library/Java/JavaVirtualMachines/jdk1.8.0_111.jdk/Contents/Home/jre/lib/./libosxapp.dylib
0x0000000053e98000 	/System/Library/Frameworks/ExceptionHandling.framework/Versions/A/ExceptionHandling
0x0000000053e98000 	/System/Library/PrivateFrameworks/CoreServicesInternal.framework/Versions/A/CoreServicesInternal
0x0000000053e98000 	/System/Library/CoreServices/RawCamera.bundle/Contents/MacOS/RawCamera
0x0000000053e98000 	/System/Library/Frameworks/Accelerate.framework/Versions/A/Frameworks/vImage.framework/Versions/A/Libraries/libCGInterfaces.dylib
0x0000000053e98000 	/System/Library/Frameworks/ApplicationServices.framework/Versions/A/Frameworks/ATS.framework/Versions/A/Resources/libTrueTypeScaler.dylib
0x0000000053e98000 	/System/Library/Frameworks/OpenGL.framework/Versions/A/Resources/GLEngine.bundle/GLEngine
0x0000000053e98000 	/System/Library/Frameworks/OpenGL.framework/Versions/A/Libraries/libGLProgrammability.dylib
0x0000000120e43000 	/System/Library/Extensions/AppleIntelSKLGraphicsGLDriver.bundle/Contents/MacOS/AppleIntelSKLGraphicsGLDriver
0x0000000053e98000 	/System/Library/PrivateFrameworks/GPUSupport.framework/Versions/A/Libraries/libGPUSupportMercury.dylib
0x0000000053e98000 	/System/Library/Frameworks/OpenGL.framework/Versions/A/Resources/GLRendererFloat.bundle/GLRendererFloat
0x0000000053e98000 	/System/Library/Frameworks/OpenCL.framework/Versions/A/Libraries/libcldcpuengine.dylib
0x0000000053e98000 	/usr/lib/libcrypto.0.9.8.dylib
0x0000000053e98000 	/System/Library/PrivateFrameworks/TrustEvaluationAgent.framework/Versions/A/TrustEvaluationAgent
0x0000000121bf1000 	/System/Library/Extensions/AppleIntelSKLGraphicsMTLDriver.bundle/Contents/MacOS/AppleIntelSKLGraphicsMTLDriver
0x0000000053e98000 	/System/Library/PrivateFrameworks/FamilyControls.framework/Versions/A/FamilyControls
0x0000000053e98000 	/System/Library/PrivateFrameworks/CommerceKit.framework/Versions/A/Frameworks/CommerceCore.framework/Versions/A/CommerceCore
0x0000000053e98000 	/System/Library/PrivateFrameworks/SystemAdministration.framework/Versions/A/SystemAdministration
0x0000000053e98000 	/System/Library/PrivateFrameworks/AppContainer.framework/Versions/A/AppContainer
0x0000000053e98000 	/System/Library/PrivateFrameworks/SecCodeWrapper.framework/Versions/A/SecCodeWrapper
0x0000000053e98000 	/System/Library/Frameworks/DirectoryService.framework/Versions/A/DirectoryService
0x0000000053e98000 	/System/Library/PrivateFrameworks/DiskImages.framework/Versions/A/DiskImages
0x0000000053e98000 	/System/Library/PrivateFrameworks/LoginUIKit.framework/Versions/A/Frameworks/LoginUICore.framework/Versions/A/LoginUICore
0x0000000053e98000 	/usr/lib/libCoreStorage.dylib
0x0000000053e98000 	/usr/lib/libcsfde.dylib
0x0000000053e98000 	/usr/lib/libodfde.dylib
0x0000000053e98000 	/System/Library/Frameworks/DiscRecording.framework/Versions/A/DiscRecording
0x0000000053e98000 	/usr/lib/libcurl.4.dylib
0x0000000053e98000 	/System/Library/PrivateFrameworks/MediaKit.framework/Versions/A/MediaKit
0x0000000053e98000 	/System/Library/PrivateFrameworks/ProtectedCloudStorage.framework/Versions/A/ProtectedCloudStorage
0x0000000053e98000 	/System/Library/PrivateFrameworks/EFILogin.framework/Versions/A/EFILogin
0x0000000053e98000 	/usr/lib/libutil.dylib
0x0000000053e98000 	/System/Library/Frameworks/LDAP.framework/Versions/A/LDAP
0x0000000053e98000 	/usr/lib/libsasl2.2.dylib
0x0000000053e98000 	/System/Library/PrivateFrameworks/CoreDaemon.framework/Versions/B/CoreDaemon
0x0000000053e98000 	/System/Library/PrivateFrameworks/AppleSRP.framework/Versions/A/AppleSRP
0x0000000053e98000 	/System/Library/PrivateFrameworks/APFS.framework/Versions/A/APFS
0x0000000123f1d000 	/Library/Java/JavaVirtualMachines/jdk1.8.0_111.jdk/Contents/Home/jre/lib/libfontmanager.dylib
0x0000000123f84000 	/Users/andreashammer/Documents/Java/IntellijProjects/RPG/lib/liblwjgl.dylib
0x000000011f9d7000 	/Library/Java/JavaVirtualMachines/jdk1.8.0_111.jdk/Contents/Home/jre/lib/libjawt.dylib
0x0000000053e98000 	/System/Library/PrivateFrameworks/ViewBridge.framework/Versions/A/ViewBridge
0x0000000053e98000 	/System/Library/PrivateFrameworks/XPCService.framework/Versions/A/XPCService
0x0000000053e98000 	/System/Library/PrivateFrameworks/AppSandbox.framework/Versions/A/AppSandbox
0x0000000053e98000 	/usr/lib/libsandbox.1.dylib
0x0000000053e98000 	/usr/lib/libMatch.1.dylib

VM Arguments:
jvm_args: -Djava.library.path=lib/ -Didea.launcher.port=7541 -Didea.launcher.bin.path=/Applications/IntelliJ IDEA.app/Contents/bin -Dfile.encoding=UTF-8 
java_command: com.intellij.rt.execution.application.AppMain xyz.hammerprod.RPG.Main
java_class_path (initial): /Library/Java/JavaVirtualMachines/jdk1.8.0_111.jdk/Contents/Home/jre/lib/charsets.jar:/Library/Java/JavaVirtualMachines/jdk1.8.0_111.jdk/Contents/Home/jre/lib/deploy.jar:/Library/Java/JavaVirtualMachines/jdk1.8.0_111.jdk/Contents/Home/jre/lib/ext/cldrdata.jar:/Library/Java/JavaVirtualMachines/jdk1.8.0_111.jdk/Contents/Home/jre/lib/ext/dnsns.jar:/Library/Java/JavaVirtualMachines/jdk1.8.0_111.jdk/Contents/Home/jre/lib/ext/jaccess.jar:/Library/Java/JavaVirtualMachines/jdk1.8.0_111.jdk/Contents/Home/jre/lib/ext/jfxrt.jar:/Library/Java/JavaVirtualMachines/jdk1.8.0_111.jdk/Contents/Home/jre/lib/ext/localedata.jar:/Library/Java/JavaVirtualMachines/jdk1.8.0_111.jdk/Contents/Home/jre/lib/ext/nashorn.jar:/Library/Java/JavaVirtualMachines/jdk1.8.0_111.jdk/Contents/Home/jre/lib/ext/sunec.jar:/Library/Java/JavaVirtualMachines/jdk1.8.0_111.jdk/Contents/Home/jre/lib/ext/sunjce_provider.jar:/Library/Java/JavaVirtualMachines/jdk1.8.0_111.jdk/Contents/Home/jre/lib/ext/sunpkcs11.jar:/Library/Java/JavaVirtualMachines/jdk1.8.0_111.jdk/Contents/Home/jre/lib/ext/zipfs.jar:/Library/Java/JavaVirtualMachines/jdk1.8.0_111.jdk/Contents/Home/jre/lib/javaws.jar:/Library/Java/JavaVirtualMachines/jdk1.8.0_111.jdk/Contents/Home/jre/lib/jce.jar:/Library/Java/JavaVirtualMachines/jdk1.8.0_111.jdk/Contents/Home/jre/lib/jfr.jar:/Library/Java/JavaVirtualMachines/jdk1.8.0_111.jdk/Contents/Home/jre/lib/jfxswt.jar:/Library/Java/JavaVirtualMachines/jdk1.8.0_111.jdk/Contents/Home/jre/lib/jsse.jar:/Library/Java/JavaVirtualMachines/jdk1.8.0_111.jdk/Contents/Home/jre/lib/management-agent.jar:/Library/Java/JavaVirtualMachines/jdk1.8.0_111.jdk/Contents/Home/jre/lib/plugin.jar:/Library/Java/JavaVirtualMachines/jdk1.8.0_111.jdk/Contents/Home/jre/lib/resources.jar:/Library/Java/JavaVirtualMachines/jdk1.8.0_111.jdk/Contents/Home/jre/lib/rt.jar:/Library/Java/JavaVirtualMachines/jdk1.8.0_111.jdk/Contents/Home/lib/ant-javafx.jar:/Library/Java/JavaVirtualMachines/jdk1.8.0_111.jdk/Contents/Home
Launcher Type: SUN_STANDARD

Environment Variables:
PATH=/usr/local/bin:/usr/bin:/bin:/usr/sbin:/sbin
SHELL=/bin/bash

Signal Handlers:
SIGSEGV: [libjvm.dylib+0x5b03ed], sa_mask[0]=11111111011111110111111111111111, sa_flags=SA_ONSTACK|SA_RESTART|SA_SIGINFO
SIGBUS: [libjvm.dylib+0x5b03ed], sa_mask[0]=11111111011111110111111111111111, sa_flags=SA_RESTART|SA_SIGINFO
SIGFPE: [libjvm.dylib+0x48711c], sa_mask[0]=11111111011111110111111111111111, sa_flags=SA_RESTART|SA_SIGINFO
SIGPIPE: [libjvm.dylib+0x48711c], sa_mask[0]=11111111011111110111111111111111, sa_flags=SA_RESTART|SA_SIGINFO
SIGXFSZ: [libjvm.dylib+0x48711c], sa_mask[0]=11111111011111110111111111111111, sa_flags=SA_RESTART|SA_SIGINFO
SIGILL: [libjvm.dylib+0x48711c], sa_mask[0]=11111111011111110111111111111111, sa_flags=SA_RESTART|SA_SIGINFO
SIGUSR1: SIG_DFL, sa_mask[0]=00000000000000000000000000000000, sa_flags=none
SIGUSR2: [libjvm.dylib+0x486c3a], sa_mask[0]=00100000000000000000000000000000, sa_flags=SA_RESTART|SA_SIGINFO
SIGHUP: [libjvm.dylib+0x485211], sa_mask[0]=11111111011111110111111111111111, sa_flags=SA_RESTART|SA_SIGINFO
SIGINT: [libjvm.dylib+0x485211], sa_mask[0]=11111111011111110111111111111111, sa_flags=SA_RESTART|SA_SIGINFO
SIGTERM: [libjvm.dylib+0x485211], sa_mask[0]=11111111011111110111111111111111, sa_flags=SA_RESTART|SA_SIGINFO
SIGQUIT: [libjvm.dylib+0x485211], sa_mask[0]=11111111011111110111111111111111, sa_flags=SA_RESTART|SA_SIGINFO


---------------  S Y S T E M  ---------------

OS:Bsduname:Darwin 16.3.0 Darwin Kernel Version 16.3.0: Thu Nov 17 20:23:58 PST 2016; root:xnu-3789.31.2~1/RELEASE_X86_64 x86_64
rlimit: STACK 8192k, CORE 0k, NPROC 709, NOFILE 10240, AS infinity
load average:4.04 3.27 2.19

CPU:total 4 (2 cores per cpu, 2 threads per core) family 6 model 78 stepping 3, cmov, cx8, fxsr, mmx, sse, sse2, sse3, ssse3, sse4.1, sse4.2, popcnt, avx, avx2, aes, clmul, erms, 3dnowpref, lzcnt, ht, tsc, tscinvbit, bmi1, bmi2, adx

Memory: 4k page, physical 8388608k(1630684k free)

/proc/meminfo:


vm_info: Java HotSpot(TM) 64-Bit Server VM (25.111-b14) for bsd-amd64 JRE (1.8.0_111-b14), built on Sep 22 2016 15:31:41 by "java_re" with gcc 4.2.1 (Based on Apple Inc. build 5658) (LLVM build 2336.11.00)

time: Wed Jan 18 10:53:08 2017
elapsed time: 34 seconds (0d 0h 0m 34s)

